INFO:  latexindent version 3.9.2, 2021-04-06, a script to indent .tex files
       latexindent lives here: /usr/share/texlive/texmf-dist/scripts/latexindent/
       Tue Mar 14 15:53:00 2023
       Filename: /home/traian/0ff13/computer-science-notes/p0ex00-tex/latex-header/cabecalhoLatex.tex
INFO:  Processing switches:
INFO:  Directory for backup files and indent.log: /home/traian/0ff13/computer-science-notes/p0ex00-tex/latex-header
INFO:  YAML settings read: defaultSettings.yaml
        Reading defaultSettings.yaml from /usr/share/texlive/texmf-dist/scripts/latexindent/defaultSettings.yaml
INFO:  YAML settings read: indentconfig.yaml or .indentconfig.yaml
       Home directory is /home/traian (didn't find either indentconfig.yaml or .indentconfig.yaml)
       To specify user settings you would put indentconfig.yaml here: /home/traian/indentconfig.yaml
       Alternatively, you can use the hidden file .indentconfig.yaml as: /home/traian/.indentconfig.yaml
INFO:  Phase 1: searching for objects
INFO:  Phase 2: finding surrounding indentation
INFO:  Phase 3: indenting objects
INFO:  Phase 4: final indentation check
INFO:  Output routine:
       Not outputting to file; see -w and -o switches for more options.
       --------------
INFO:  Please direct all communication/issues to:
        https://github.com/cmhughes/latexindent.pl
