This is pdfTeX, Version 3.141592653-2.6-1.40.24 (TeX Live 2022) (preloaded format=pdflatex 2022.9.5)  14 MAR 2023 18:14
entering extended mode
 restricted \write18 enabled.
 %&-line parsing enabled.
**Engenharia_de_software.tex
(./Engenharia_de_software.tex
LaTeX2e <2021-11-15> patch level 1
L3 programming layer <2022-02-24>
(c:/texlive/2022/texmf-dist/tex/latex/base/article.cls
Document Class: article 2021/10/04 v1.4n Standard LaTeX document class
(c:/texlive/2022/texmf-dist/tex/latex/base/size10.clo
File: size10.clo 2021/10/04 v1.4n Standard LaTeX file (size option)
)
\c@part=\count185
\c@section=\count186
\c@subsection=\count187
\c@subsubsection=\count188
\c@paragraph=\count189
\c@subparagraph=\count190
\c@figure=\count191
\c@table=\count192
\abovecaptionskip=\skip47
\belowcaptionskip=\skip48
\bibindent=\dimen138
)
(c:/texlive/2022/texmf-dist/tex/latex/l3backend/l3backend-pdftex.def
File: l3backend-pdftex.def 2022-02-07 L3 backend support: PDF output (pdfTeX)
\l__color_backend_stack_int=\count193
\l__pdf_internal_box=\box50
)
(./Engenharia_de_software.aux)
\openout1 = `Engenharia_de_software.aux'.

LaTeX Font Info:    Checking defaults for OML/cmm/m/it on input line 3.
LaTeX Font Info:    ... okay on input line 3.
LaTeX Font Info:    Checking defaults for OMS/cmsy/m/n on input line 3.
LaTeX Font Info:    ... okay on input line 3.
LaTeX Font Info:    Checking defaults for OT1/cmr/m/n on input line 3.
LaTeX Font Info:    ... okay on input line 3.
LaTeX Font Info:    Checking defaults for T1/cmr/m/n on input line 3.
LaTeX Font Info:    ... okay on input line 3.
LaTeX Font Info:    Checking defaults for TS1/cmr/m/n on input line 3.
LaTeX Font Info:    ... okay on input line 3.
LaTeX Font Info:    Checking defaults for OMX/cmex/m/n on input line 3.
LaTeX Font Info:    ... okay on input line 3.
LaTeX Font Info:    Checking defaults for U/cmr/m/n on input line 3.
LaTeX Font Info:    ... okay on input line 3.

Underfull \hbox (badness 10000) in paragraph at lines 5--8

 []


Underfull \hbox (badness 10000) in paragraph at lines 20--23

 []

[1

{c:/texlive/2022/texmf-var/fonts/map/pdftex/updmap/pdftex.map}]
Underfull \hbox (badness 10000) in paragraph at lines 107--110

 []


Overfull \hbox (3.019pt too wide) in paragraph at lines 144--148
[]\OT1/cmr/m/n/10 -Casos de teste: de-scri^^Xc~ao de condi^^Xc~ao par-tic-u-lar
 a ser tes-tada. -Procedimento
 []

[2]
Overfull \hbox (5.88945pt too wide) in paragraph at lines 265--298
[]\OT1/cmr/m/n/10 P^^Sagina de in-forma^^Xc~oes Tela de Lo-gin cadas-tro -Cria^
^Xc~ao -Edi^^Xc~ao -Cancelamento
 []


Overfull \hbox (12.47177pt too wide) in paragraph at lines 265--298
\OT1/cmr/m/n/10 m^^S^^Pnima Per^^S^^Podo de car^encia para can-ce-la-mento Paga
-mento -QR code -Aproxima^^Xc~ao
 []

[3] [4] (./Engenharia_de_software.aux) ) 
Here is how much of TeX's memory you used:
 410 strings out of 478268
 7624 string characters out of 5850346
 304911 words of memory out of 5000000
 18701 multiletter control sequences out of 15000+600000
 469259 words of font info for 28 fonts, out of 8000000 for 9000
 1141 hyphenation exceptions out of 8191
 34i,6n,38p,298b,107s stack positions out of 10000i,1000n,20000p,200000b,200000s
<c:/texlive/2022/texmf-dist/fonts/type1
/public/amsfonts/cm/cmr10.pfb>
Output written on Engenharia_de_software.pdf (4 pages, 32241 bytes).
PDF statistics:
 22 PDF objects out of 1000 (max. 8388607)
 13 compressed objects within 1 object stream
 0 named destinations out of 1000 (max. 500000)
 1 words of extra memory for PDF output out of 10000 (max. 10000000)

